<?xml version="1.0" encoding="UTF-8"?>
<testsuite name="org.example.lab5.controller.ClassEmployeeControllerTest" tests="1" skipped="0" failures="0" errors="0" timestamp="2026-01-16T11:22:31.865Z" hostname="BARTEKHUWAEI" time="1.272">
  <properties/>
  <testcase name="shouldGetAllEmployees()" classname="org.example.lab5.controller.ClassEmployeeControllerTest" time="1.272"/>
  <system-out><![CDATA[12:22:22.615 [Test worker] INFO org.springframework.test.context.support.AnnotationConfigContextLoaderUtils -- Could not detect default configuration classes for test class [org.example.lab5.controller.ClassEmployeeControllerTest]: ClassEmployeeControllerTest does not declare any static, non-private, non-final, nested classes annotated with @Configuration.
12:22:23.220 [Test worker] INFO org.springframework.boot.test.context.SpringBootTestContextBootstrapper -- Found @SpringBootConfiguration org.example.lab5.Lab5Application for test class org.example.lab5.controller.ClassEmployeeControllerTest

  .   ____          _            __ _ _
 /\\ / ___'_ __ _ _(_)_ __  __ _ \ \ \ \
( ( )\___ | '_ | '_| | '_ \/ _` | \ \ \ \
 \\/  ___)| |_)| | | | | || (_| |  ) ) ) )
  '  |____| .__|_| |_|_| |_\__, | / / / /
 =========|_|==============|___/=/_/_/_/

 :: Spring Boot ::                (v4.0.0)

2026-01-16T12:22:24.754+01:00  INFO 8600 --- [lab5] [    Test worker] o.e.l.c.ClassEmployeeControllerTest      : Starting ClassEmployeeControllerTest using Java 21.0.8 with PID 8600 (started by nack2 in C:\Users\nack2\OneDrive\Pulpit\Studia\mobilneJAVA\lab5_front_i_backend\lab5)
2026-01-16T12:22:24.754+01:00  INFO 8600 --- [lab5] [    Test worker] o.e.l.c.ClassEmployeeControllerTest      : No active profile set, falling back to 1 default profile: "default"
2026-01-16T12:22:31.715+01:00  INFO 8600 --- [lab5] [    Test worker] o.s.b.t.m.w.SpringBootMockServletContext : Initializing Spring TestDispatcherServlet ''
2026-01-16T12:22:31.723+01:00  INFO 8600 --- [lab5] [    Test worker] o.s.t.web.servlet.TestDispatcherServlet  : Initializing Servlet ''
2026-01-16T12:22:31.731+01:00  INFO 8600 --- [lab5] [    Test worker] o.s.t.web.servlet.TestDispatcherServlet  : Completed initialization in 8 ms
2026-01-16T12:22:31.825+01:00  INFO 8600 --- [lab5] [    Test worker] o.e.l.c.ClassEmployeeControllerTest      : Started ClassEmployeeControllerTest in 8.345 seconds (process running for 13.708)
]]></system-out>
  <system-err><![CDATA[Mockito is currently self-attaching to enable the inline-mock-maker. This will no longer work in future releases of the JDK. Please add Mockito as an agent to your build as described in Mockito's documentation: https://javadoc.io/doc/org.mockito/mockito-core/latest/org.mockito/org/mockito/Mockito.html#0.3
WARNING: A Java agent has been loaded dynamically (C:\Users\nack2\.gradle\caches\modules-2\files-2.1\net.bytebuddy\byte-buddy-agent\1.17.8\f09415827a71be7ed621c7bd02550678f28bc81c\byte-buddy-agent-1.17.8.jar)
WARNING: If a serviceability tool is in use, please run with -XX:+EnableDynamicAgentLoading to hide this warning
WARNING: If a serviceability tool is not in use, please run with -Djdk.instrument.traceUsage for more information
WARNING: Dynamic loading of agents will be disallowed by default in a future release
]]></system-err>
</testsuite>
